\BOOKMARK [0][-]{chapter*.1}{\376\377\000D\000\351\000d\000i\000c\000a\000c\000e}{}% 1
\BOOKMARK [0][-]{chapter*.2}{\376\377\000R\000e\000m\000e\000r\000c\000i\000e\000m\000e\000n\000t\000s}{}% 2
\BOOKMARK [0][-]{chapter*.3}{\376\377\000A\000v\000a\000n\000t\000-\000p\000r\000o\000p\000o\000s}{}% 3
\BOOKMARK [1][-]{section*.4}{\376\377\000P\000r\000\351\000s\000e\000n\000t\000a\000t\000i\000o\000n\000\040\000d\000e\000\040\000l\000a\000\040\000f\000i\000l\000i\000\350\000r\000e}{chapter*.3}% 4
\BOOKMARK [0][-]{chapter*.5}{\376\377\000L\000i\000s\000t\000e\000\040\000d\000e\000s\000\040\000s\000i\000g\000l\000e\000s\000\040\000e\000t\000\040\000a\000b\000r\000\351\000v\000i\000a\000t\000i\000o\000n\000s}{}% 5
\BOOKMARK [0][-]{chapter*.6}{\376\377\000R\000\351\000s\000u\000m\000\351}{}% 6
\BOOKMARK [0][-]{chapter*.7}{\376\377\000A\000b\000s\000t\000r\000a\000c\000t}{}% 7
\BOOKMARK [0][-]{chapter*.8}{\376\377\000I\000n\000t\000r\000o\000d\000u\000c\000t\000i\000o\000n\000\040\000G\000\351\000n\000\351\000r\000a\000l\000e}{}% 8
\BOOKMARK [0][-]{chapter.1}{\376\377\000P\000r\000\351\000s\000e\000n\000t\000a\000t\000i\000o\000n\000\040\000t\000h\000\351\000o\000r\000i\000q\000u\000e\000\040\000d\000e\000\040\000l\000'\000\351\000t\000u\000d\000e}{}% 9
\BOOKMARK [0][-]{chapter.2}{\376\377\000C\000a\000d\000r\000e\000\040\000d\000e\000\040\000l\000'\000\351\000t\000u\000d\000e}{}% 10
\BOOKMARK [1][-]{section.2.1}{\376\377\000Z\000o\000n\000e\000\040\000d\000e\000\040\000l\000'\000\351\000t\000u\000d\000e}{chapter.2}% 11
\BOOKMARK [2][-]{subsection.2.1.1}{\376\377\000C\000o\000n\000t\000e\000x\000t\000e\000\040\000g\000\351\000o\000g\000r\000a\000p\000h\000i\000q\000u\000e}{section.2.1}% 12
\BOOKMARK [2][-]{subsection.2.1.2}{\376\377\000C\000o\000n\000t\000e\000x\000t\000e\000\040\000d\000\351\000m\000o\000g\000r\000a\000p\000h\000i\000q\000u\000e}{section.2.1}% 13
\BOOKMARK [2][-]{subsection.2.1.3}{\376\377\000C\000o\000n\000t\000e\000x\000t\000e\000\040\000\351\000c\000o\000n\000o\000m\000i\000q\000u\000e}{section.2.1}% 14
\BOOKMARK [2][-]{subsection.2.1.4}{\376\377\000C\000o\000n\000t\000e\000x\000t\000e\000\040\000s\000o\000c\000i\000o\000c\000u\000l\000t\000u\000r\000e\000l\000\040\000e\000t\000\040\000s\000a\000n\000i\000t\000a\000i\000r\000e}{section.2.1}% 15
\BOOKMARK [1][-]{section.2.2}{\376\377\000L\000i\000e\000u\000\040\000d\000u\000\040\000s\000t\000a\000g\000e}{chapter.2}% 16
\BOOKMARK [2][-]{subsection.2.2.1}{\376\377\000G\000\351\000n\000\351\000r\000a\000l\000i\000t\000\351}{section.2.2}% 17
\BOOKMARK [2][-]{subsection.2.2.2}{\376\377\000O\000r\000g\000a\000n\000i\000g\000r\000a\000m\000m\000e\000\040\000d\000e\000\040\000l\000'\000u\000r\000c\000n}{section.2.2}% 18
\BOOKMARK [2][-]{subsection.2.2.3}{\376\377\000D\000e\000s\000c\000r\000i\000p\000t\000i\000o\000n\000\040\000d\000e\000s\000\040\000d\000i\000f\000f\000\351\000r\000e\000n\000t\000e\000s\000\040\000s\000e\000c\000t\000i\000o\000n\000s\000\040\000d\000e\000\040\000r\000e\000c\000h\000e\000r\000c\000h\000e}{section.2.2}% 19
\BOOKMARK [3][-]{subsubsection.2.2.3.1}{\376\377\000L\000a\000\040\000C\000l\000i\000n\000i\000q\000u\000e}{subsection.2.2.3}% 20
\BOOKMARK [3][-]{subsubsection.2.2.3.2}{\376\377\000L\000e\000\040\000L\000a\000b\000o\000r\000a\000t\000o\000i\000r\000e}{subsection.2.2.3}% 21
\BOOKMARK [3][-]{subsubsection.2.2.3.3}{\376\377\000L\000a\000\040\000P\000h\000a\000r\000m\000a\000c\000i\000e}{subsection.2.2.3}% 22
\BOOKMARK [3][-]{subsubsection.2.2.3.4}{\376\377\000L\000e\000\040\000D\000a\000t\000a\000\040\000M\000a\000n\000a\000g\000e\000m\000e\000n\000t}{subsection.2.2.3}% 23
\BOOKMARK [3][-]{subsubsection.2.2.3.5}{\376\377\000S\000y\000s\000t\000\350\000m\000e\000\040\000d\000e\000\040\000S\000u\000r\000v\000e\000i\000l\000l\000a\000n\000c\000e\000\040\000D\000\351\000m\000g\000r\000a\000p\000h\000i\000q\000u\000e\000\040\000e\000t\000\040\000d\000e\000\040\000l\000a\000\040\000S\000a\000n\000t\000\351\000\040\000\050\000s\000s\000d\000s\000\051}{subsection.2.2.3}% 24
\BOOKMARK [2][-]{subsection.2.2.4}{\376\377\000M\000i\000s\000s\000i\000o\000n\000s\000\040\000e\000t\000\040\000P\000r\000i\000n\000c\000i\000p\000e\000s\000\040\000d\000e\000\040\000l\000'\000U\000R\000C\000N}{section.2.2}% 25
\BOOKMARK [3][-]{subsubsection.2.2.4.1}{\376\377\000M\000i\000s\000s\000i\000o\000n\000\040\000d\000e\000\040\000l\000'\000U\000R\000C\000N}{subsection.2.2.4}% 26
\BOOKMARK [3][-]{subsubsection.2.2.4.2}{\376\377\000P\000r\000i\000n\000c\000i\000p\000e\000s\000\040\000d\000e\000\040\000l\000'\000U\000R\000C\000N}{subsection.2.2.4}% 27
